<?xml version="1.0" encoding="UTF-8"?>
<testsuite name="org.young.movie_review.repository.ReviewRepositoryTests" tests="1" skipped="0" failures="0" errors="0" timestamp="2021-07-29T01:07:33" hostname="DESKTOP-KCDHFKO" time="2.78">
  <properties/>
  <testcase name="insertMovieReviews()" classname="org.young.movie_review.repository.ReviewRepositoryTests" time="2.78"/>
  <system-out><![CDATA[10:07:17.611 [Test worker] DEBUG org.springframework.test.context.BootstrapUtils - Instantiating CacheAwareContextLoaderDelegate from class [org.springframework.test.context.cache.DefaultCacheAwareContextLoaderDelegate]
10:07:17.648 [Test worker] DEBUG org.springframework.test.context.BootstrapUtils - Instantiating BootstrapContext using constructor [public org.springframework.test.context.support.DefaultBootstrapContext(java.lang.Class,org.springframework.test.context.CacheAwareContextLoaderDelegate)]
10:07:17.743 [Test worker] DEBUG org.springframework.test.context.BootstrapUtils - Instantiating TestContextBootstrapper for test class [org.young.movie_review.repository.ReviewRepositoryTests] from class [org.springframework.boot.test.context.SpringBootTestContextBootstrapper]
10:07:17.789 [Test worker] INFO org.springframework.boot.test.context.SpringBootTestContextBootstrapper - Neither @ContextConfiguration nor @ContextHierarchy found for test class [org.young.movie_review.repository.ReviewRepositoryTests], using SpringBootContextLoader
10:07:17.803 [Test worker] DEBUG org.springframework.test.context.support.AbstractContextLoader - Did not detect default resource location for test class [org.young.movie_review.repository.ReviewRepositoryTests]: class path resource [org/young/movie_review/repository/ReviewRepositoryTests-context.xml] does not exist
10:07:17.806 [Test worker] DEBUG org.springframework.test.context.support.AbstractContextLoader - Did not detect default resource location for test class [org.young.movie_review.repository.ReviewRepositoryTests]: class path resource [org/young/movie_review/repository/ReviewRepositoryTestsContext.groovy] does not exist
10:07:17.806 [Test worker] INFO org.springframework.test.context.support.AbstractContextLoader - Could not detect default resource locations for test class [org.young.movie_review.repository.ReviewRepositoryTests]: no resource found for suffixes {-context.xml, Context.groovy}.
10:07:17.809 [Test worker] INFO org.springframework.test.context.support.AnnotationConfigContextLoaderUtils - Could not detect default configuration classes for test class [org.young.movie_review.repository.ReviewRepositoryTests]: ReviewRepositoryTests does not declare any static, non-private, non-final, nested classes annotated with @Configuration.
10:07:17.938 [Test worker] DEBUG org.springframework.test.context.support.ActiveProfilesUtils - Could not find an 'annotation declaring class' for annotation type [org.springframework.test.context.ActiveProfiles] and class [org.young.movie_review.repository.ReviewRepositoryTests]
10:07:18.208 [Test worker] DEBUG org.springframework.context.annotation.ClassPathScanningCandidateComponentProvider - Identified candidate component class: file [C:\Users\nick1\kpu\movie_review\build\classes\java\main\org\young\movie_review\MovieReviewApplication.class]
10:07:18.212 [Test worker] INFO org.springframework.boot.test.context.SpringBootTestContextBootstrapper - Found @SpringBootConfiguration org.young.movie_review.MovieReviewApplication for test class org.young.movie_review.repository.ReviewRepositoryTests
10:07:18.533 [Test worker] DEBUG org.springframework.boot.test.context.SpringBootTestContextBootstrapper - @TestExecutionListeners is not present for class [org.young.movie_review.repository.ReviewRepositoryTests]: using defaults.
10:07:18.534 [Test worker] INFO org.springframework.boot.test.context.SpringBootTestContextBootstrapper - Loaded default TestExecutionListener class names from location [META-INF/spring.factories]: [org.springframework.boot.test.autoconfigure.restdocs.RestDocsTestExecutionListener, org.springframework.boot.test.autoconfigure.web.client.MockRestServiceServerResetTestExecutionListener, org.springframework.boot.test.autoconfigure.web.servlet.MockMvcPrintOnlyOnFailureTestExecutionListener, org.springframework.boot.test.autoconfigure.web.servlet.WebDriverTestExecutionListener, org.springframework.boot.test.autoconfigure.webservices.client.MockWebServiceServerTestExecutionListener, org.springframework.boot.test.mock.mockito.MockitoTestExecutionListener, org.springframework.boot.test.mock.mockito.ResetMocksTestExecutionListener, org.springframework.test.context.web.ServletTestExecutionListener, org.springframework.test.context.support.DirtiesContextBeforeModesTestExecutionListener, org.springframework.test.context.event.ApplicationEventsTestExecutionListener, org.springframework.test.context.support.DependencyInjectionTestExecutionListener, org.springframework.test.context.support.DirtiesContextTestExecutionListener, org.springframework.test.context.transaction.TransactionalTestExecutionListener, org.springframework.test.context.jdbc.SqlScriptsTestExecutionListener, org.springframework.test.context.event.EventPublishingTestExecutionListener]
10:07:18.592 [Test worker] INFO org.springframework.boot.test.context.SpringBootTestContextBootstrapper - Using TestExecutionListeners: [org.springframework.test.context.web.ServletTestExecutionListener@28c604d2, org.springframework.test.context.support.DirtiesContextBeforeModesTestExecutionListener@2cd6b4f2, org.springframework.test.context.event.ApplicationEventsTestExecutionListener@25423817, org.springframework.boot.test.mock.mockito.MockitoTestExecutionListener@10aa7a48, org.springframework.boot.test.autoconfigure.SpringBootDependencyInjectionTestExecutionListener@8520c1b, org.springframework.test.context.support.DirtiesContextTestExecutionListener@113a58c7, org.springframework.test.context.transaction.TransactionalTestExecutionListener@258c5877, org.springframework.test.context.jdbc.SqlScriptsTestExecutionListener@66b71eb4, org.springframework.test.context.event.EventPublishingTestExecutionListener@7e1df4ad, org.springframework.boot.test.autoconfigure.restdocs.RestDocsTestExecutionListener@3d2277c9, org.springframework.boot.test.autoconfigure.web.client.MockRestServiceServerResetTestExecutionListener@7a2adffa, org.springframework.boot.test.autoconfigure.web.servlet.MockMvcPrintOnlyOnFailureTestExecutionListener@24b62cb5, org.springframework.boot.test.autoconfigure.web.servlet.WebDriverTestExecutionListener@351f1c12, org.springframework.boot.test.autoconfigure.webservices.client.MockWebServiceServerTestExecutionListener@1bada947, org.springframework.boot.test.mock.mockito.ResetMocksTestExecutionListener@375460c7]
10:07:18.607 [Test worker] DEBUG org.springframework.test.context.support.AbstractDirtiesContextTestExecutionListener - Before test class: context [DefaultTestContext@40608a66 testClass = ReviewRepositoryTests, testInstance = [null], testMethod = [null], testException = [null], mergedContextConfiguration = [WebMergedContextConfiguration@7f0635f testClass = ReviewRepositoryTests, locations = '{}', classes = '{class org.young.movie_review.MovieReviewApplication}', contextInitializerClasses = '[]', activeProfiles = '{}', propertySourceLocations = '{}', propertySourceProperties = '{org.springframework.boot.test.context.SpringBootTestContextBootstrapper=true}', contextCustomizers = set[org.springframework.boot.test.autoconfigure.actuate.metrics.MetricsExportContextCustomizerFactory$DisableMetricExportContextCustomizer@10ab858f, org.springframework.boot.test.autoconfigure.properties.PropertyMappingContextCustomizer@0, org.springframework.boot.test.autoconfigure.web.servlet.WebDriverContextCustomizerFactory$Customizer@3745e5c, org.springframework.boot.test.context.filter.ExcludeFilterContextCustomizer@5a4ce3c8, org.springframework.boot.test.json.DuplicateJsonObjectContextCustomizerFactory$DuplicateJsonObjectContextCustomizer@b024955, org.springframework.boot.test.mock.mockito.MockitoContextCustomizer@0, org.springframework.boot.test.web.client.TestRestTemplateContextCustomizer@5e98aee3, org.springframework.boot.test.context.SpringBootTestArgs@1, org.springframework.boot.test.context.SpringBootTestWebEnvironment@2ce9daba], resourceBasePath = 'src/main/webapp', contextLoader = 'org.springframework.boot.test.context.SpringBootContextLoader', parent = [null]], attributes = map['org.springframework.test.context.web.ServletTestExecutionListener.activateListener' -> true]], class annotated with @DirtiesContext [false] with mode [null].
10:07:18.688 [Test worker] DEBUG org.springframework.test.context.support.TestPropertySourceUtils - Adding inlined properties to environment: {spring.jmx.enabled=false, org.springframework.boot.test.context.SpringBootTestContextBootstrapper=true}

  .   ____          _            __ _ _
 /\\ / ___'_ __ _ _(_)_ __  __ _ \ \ \ \
( ( )\___ | '_ | '_| | '_ \/ _` | \ \ \ \
 \\/  ___)| |_)| | | | | || (_| |  ) ) ) )
  '  |____| .__|_| |_|_| |_\__, | / / / /
 =========|_|==============|___/=/_/_/_/
 :: Spring Boot ::                (v2.5.2)

2021-07-29 10:07:19.632  INFO 32208 --- [    Test worker] o.y.m.repository.ReviewRepositoryTests   : Starting ReviewRepositoryTests using Java 11.0.9 on DESKTOP-KCDHFKO with PID 32208 (started by nick1 in C:\Users\nick1\kpu\movie_review)
2021-07-29 10:07:19.639  INFO 32208 --- [    Test worker] o.y.m.repository.ReviewRepositoryTests   : No active profile set, falling back to default profiles: default
2021-07-29 10:07:21.829  INFO 32208 --- [    Test worker] .s.d.r.c.RepositoryConfigurationDelegate : Bootstrapping Spring Data JPA repositories in DEFAULT mode.
2021-07-29 10:07:22.089  INFO 32208 --- [    Test worker] .s.d.r.c.RepositoryConfigurationDelegate : Finished Spring Data repository scanning in 238 ms. Found 4 JPA repository interfaces.
2021-07-29 10:07:23.897  INFO 32208 --- [    Test worker] o.hibernate.jpa.internal.util.LogHelper  : HHH000204: Processing PersistenceUnitInfo [name: default]
2021-07-29 10:07:24.115  INFO 32208 --- [    Test worker] org.hibernate.Version                    : HHH000412: Hibernate ORM core version 5.4.32.Final
2021-07-29 10:07:24.642  INFO 32208 --- [    Test worker] o.hibernate.annotations.common.Version   : HCANN000001: Hibernate Commons Annotations {5.1.2.Final}
2021-07-29 10:07:25.198  INFO 32208 --- [    Test worker] com.zaxxer.hikari.HikariDataSource       : HikariPool-1 - Starting...
2021-07-29 10:07:25.743  INFO 32208 --- [    Test worker] com.zaxxer.hikari.HikariDataSource       : HikariPool-1 - Start completed.
2021-07-29 10:07:25.915  INFO 32208 --- [    Test worker] org.hibernate.dialect.Dialect            : HHH000400: Using dialect: org.hibernate.dialect.MySQL55Dialect
2021-07-29 10:07:28.545  INFO 32208 --- [    Test worker] o.h.e.t.j.p.i.JtaPlatformInitiator       : HHH000490: Using JtaPlatform implementation: [org.hibernate.engine.transaction.jta.platform.internal.NoJtaPlatform]
2021-07-29 10:07:28.581  INFO 32208 --- [    Test worker] j.LocalContainerEntityManagerFactoryBean : Initialized JPA EntityManagerFactory for persistence unit 'default'
2021-07-29 10:07:31.073  WARN 32208 --- [    Test worker] JpaBaseConfiguration$JpaWebConfiguration : spring.jpa.open-in-view is enabled by default. Therefore, database queries may be performed during view rendering. Explicitly configure spring.jpa.open-in-view to disable this warning
2021-07-29 10:07:33.176  INFO 32208 --- [    Test worker] o.y.m.repository.ReviewRepositoryTests   : Started ReviewRepositoryTests in 14.472 seconds (JVM running for 20.725)
Hibernate: 
    insert 
    into
        review
        (moddate, regdate, grade, member_mid, movie_mno, text) 
    values
        (?, ?, ?, ?, ?, ?)
Hibernate: 
    insert 
    into
        review
        (moddate, regdate, grade, member_mid, movie_mno, text) 
    values
        (?, ?, ?, ?, ?, ?)
Hibernate: 
    insert 
    into
        review
        (moddate, regdate, grade, member_mid, movie_mno, text) 
    values
        (?, ?, ?, ?, ?, ?)
Hibernate: 
    insert 
    into
        review
        (moddate, regdate, grade, member_mid, movie_mno, text) 
    values
        (?, ?, ?, ?, ?, ?)
Hibernate: 
    insert 
    into
        review
        (moddate, regdate, grade, member_mid, movie_mno, text) 
    values
        (?, ?, ?, ?, ?, ?)
Hibernate: 
    insert 
    into
        review
        (moddate, regdate, grade, member_mid, movie_mno, text) 
    values
        (?, ?, ?, ?, ?, ?)
Hibernate: 
    insert 
    into
        review
        (moddate, regdate, grade, member_mid, movie_mno, text) 
    values
        (?, ?, ?, ?, ?, ?)
Hibernate: 
    insert 
    into
        review
        (moddate, regdate, grade, member_mid, movie_mno, text) 
    values
        (?, ?, ?, ?, ?, ?)
Hibernate: 
    insert 
    into
        review
        (moddate, regdate, grade, member_mid, movie_mno, text) 
    values
        (?, ?, ?, ?, ?, ?)
Hibernate: 
    insert 
    into
        review
        (moddate, regdate, grade, member_mid, movie_mno, text) 
    values
        (?, ?, ?, ?, ?, ?)
Hibernate: 
    insert 
    into
        review
        (moddate, regdate, grade, member_mid, movie_mno, text) 
    values
        (?, ?, ?, ?, ?, ?)
Hibernate: 
    insert 
    into
        review
        (moddate, regdate, grade, member_mid, movie_mno, text) 
    values
        (?, ?, ?, ?, ?, ?)
Hibernate: 
    insert 
    into
        review
        (moddate, regdate, grade, member_mid, movie_mno, text) 
    values
        (?, ?, ?, ?, ?, ?)
Hibernate: 
    insert 
    into
        review
        (moddate, regdate, grade, member_mid, movie_mno, text) 
    values
        (?, ?, ?, ?, ?, ?)
Hibernate: 
    insert 
    into
        review
        (moddate, regdate, grade, member_mid, movie_mno, text) 
    values
        (?, ?, ?, ?, ?, ?)
Hibernate: 
    insert 
    into
        review
        (moddate, regdate, grade, member_mid, movie_mno, text) 
    values
        (?, ?, ?, ?, ?, ?)
Hibernate: 
    insert 
    into
        review
        (moddate, regdate, grade, member_mid, movie_mno, text) 
    values
        (?, ?, ?, ?, ?, ?)
Hibernate: 
    insert 
    into
        review
        (moddate, regdate, grade, member_mid, movie_mno, text) 
    values
        (?, ?, ?, ?, ?, ?)
Hibernate: 
    insert 
    into
        review
        (moddate, regdate, grade, member_mid, movie_mno, text) 
    values
        (?, ?, ?, ?, ?, ?)
Hibernate: 
    insert 
    into
        review
        (moddate, regdate, grade, member_mid, movie_mno, text) 
    values
        (?, ?, ?, ?, ?, ?)
Hibernate: 
    insert 
    into
        review
        (moddate, regdate, grade, member_mid, movie_mno, text) 
    values
        (?, ?, ?, ?, ?, ?)
Hibernate: 
    insert 
    into
        review
        (moddate, regdate, grade, member_mid, movie_mno, text) 
    values
        (?, ?, ?, ?, ?, ?)
Hibernate: 
    insert 
    into
        review
        (moddate, regdate, grade, member_mid, movie_mno, text) 
    values
        (?, ?, ?, ?, ?, ?)
Hibernate: 
    insert 
    into
        review
        (moddate, regdate, grade, member_mid, movie_mno, text) 
    values
        (?, ?, ?, ?, ?, ?)
Hibernate: 
    insert 
    into
        review
        (moddate, regdate, grade, member_mid, movie_mno, text) 
    values
        (?, ?, ?, ?, ?, ?)
Hibernate: 
    insert 
    into
        review
        (moddate, regdate, grade, member_mid, movie_mno, text) 
    values
        (?, ?, ?, ?, ?, ?)
Hibernate: 
    insert 
    into
        review
        (moddate, regdate, grade, member_mid, movie_mno, text) 
    values
        (?, ?, ?, ?, ?, ?)
Hibernate: 
    insert 
    into
        review
        (moddate, regdate, grade, member_mid, movie_mno, text) 
    values
        (?, ?, ?, ?, ?, ?)
Hibernate: 
    insert 
    into
        review
        (moddate, regdate, grade, member_mid, movie_mno, text) 
    values
        (?, ?, ?, ?, ?, ?)
Hibernate: 
    insert 
    into
        review
        (moddate, regdate, grade, member_mid, movie_mno, text) 
    values
        (?, ?, ?, ?, ?, ?)
Hibernate: 
    insert 
    into
        review
        (moddate, regdate, grade, member_mid, movie_mno, text) 
    values
        (?, ?, ?, ?, ?, ?)
Hibernate: 
    insert 
    into
        review
        (moddate, regdate, grade, member_mid, movie_mno, text) 
    values
        (?, ?, ?, ?, ?, ?)
Hibernate: 
    insert 
    into
        review
        (moddate, regdate, grade, member_mid, movie_mno, text) 
    values
        (?, ?, ?, ?, ?, ?)
Hibernate: 
    insert 
    into
        review
        (moddate, regdate, grade, member_mid, movie_mno, text) 
    values
        (?, ?, ?, ?, ?, ?)
Hibernate: 
    insert 
    into
        review
        (moddate, regdate, grade, member_mid, movie_mno, text) 
    values
        (?, ?, ?, ?, ?, ?)
Hibernate: 
    insert 
    into
        review
        (moddate, regdate, grade, member_mid, movie_mno, text) 
    values
        (?, ?, ?, ?, ?, ?)
Hibernate: 
    insert 
    into
        review
        (moddate, regdate, grade, member_mid, movie_mno, text) 
    values
        (?, ?, ?, ?, ?, ?)
Hibernate: 
    insert 
    into
        review
        (moddate, regdate, grade, member_mid, movie_mno, text) 
    values
        (?, ?, ?, ?, ?, ?)
Hibernate: 
    insert 
    into
        review
        (moddate, regdate, grade, member_mid, movie_mno, text) 
    values
        (?, ?, ?, ?, ?, ?)
Hibernate: 
    insert 
    into
        review
        (moddate, regdate, grade, member_mid, movie_mno, text) 
    values
        (?, ?, ?, ?, ?, ?)
Hibernate: 
    insert 
    into
        review
        (moddate, regdate, grade, member_mid, movie_mno, text) 
    values
        (?, ?, ?, ?, ?, ?)
Hibernate: 
    insert 
    into
        review
        (moddate, regdate, grade, member_mid, movie_mno, text) 
    values
        (?, ?, ?, ?, ?, ?)
Hibernate: 
    insert 
    into
        review
        (moddate, regdate, grade, member_mid, movie_mno, text) 
    values
        (?, ?, ?, ?, ?, ?)
Hibernate: 
    insert 
    into
        review
        (moddate, regdate, grade, member_mid, movie_mno, text) 
    values
        (?, ?, ?, ?, ?, ?)
Hibernate: 
    insert 
    into
        review
        (moddate, regdate, grade, member_mid, movie_mno, text) 
    values
        (?, ?, ?, ?, ?, ?)
Hibernate: 
    insert 
    into
        review
        (moddate, regdate, grade, member_mid, movie_mno, text) 
    values
        (?, ?, ?, ?, ?, ?)
Hibernate: 
    insert 
    into
        review
        (moddate, regdate, grade, member_mid, movie_mno, text) 
    values
        (?, ?, ?, ?, ?, ?)
Hibernate: 
    insert 
    into
        review
        (moddate, regdate, grade, member_mid, movie_mno, text) 
    values
        (?, ?, ?, ?, ?, ?)
Hibernate: 
    insert 
    into
        review
        (moddate, regdate, grade, member_mid, movie_mno, text) 
    values
        (?, ?, ?, ?, ?, ?)
Hibernate: 
    insert 
    into
        review
        (moddate, regdate, grade, member_mid, movie_mno, text) 
    values
        (?, ?, ?, ?, ?, ?)
Hibernate: 
    insert 
    into
        review
        (moddate, regdate, grade, member_mid, movie_mno, text) 
    values
        (?, ?, ?, ?, ?, ?)
Hibernate: 
    insert 
    into
        review
        (moddate, regdate, grade, member_mid, movie_mno, text) 
    values
        (?, ?, ?, ?, ?, ?)
Hibernate: 
    insert 
    into
        review
        (moddate, regdate, grade, member_mid, movie_mno, text) 
    values
        (?, ?, ?, ?, ?, ?)
Hibernate: 
    insert 
    into
        review
        (moddate, regdate, grade, member_mid, movie_mno, text) 
    values
        (?, ?, ?, ?, ?, ?)
Hibernate: 
    insert 
    into
        review
        (moddate, regdate, grade, member_mid, movie_mno, text) 
    values
        (?, ?, ?, ?, ?, ?)
Hibernate: 
    insert 
    into
        review
        (moddate, regdate, grade, member_mid, movie_mno, text) 
    values
        (?, ?, ?, ?, ?, ?)
Hibernate: 
    insert 
    into
        review
        (moddate, regdate, grade, member_mid, movie_mno, text) 
    values
        (?, ?, ?, ?, ?, ?)
Hibernate: 
    insert 
    into
        review
        (moddate, regdate, grade, member_mid, movie_mno, text) 
    values
        (?, ?, ?, ?, ?, ?)
Hibernate: 
    insert 
    into
        review
        (moddate, regdate, grade, member_mid, movie_mno, text) 
    values
        (?, ?, ?, ?, ?, ?)
Hibernate: 
    insert 
    into
        review
        (moddate, regdate, grade, member_mid, movie_mno, text) 
    values
        (?, ?, ?, ?, ?, ?)
Hibernate: 
    insert 
    into
        review
        (moddate, regdate, grade, member_mid, movie_mno, text) 
    values
        (?, ?, ?, ?, ?, ?)
Hibernate: 
    insert 
    into
        review
        (moddate, regdate, grade, member_mid, movie_mno, text) 
    values
        (?, ?, ?, ?, ?, ?)
Hibernate: 
    insert 
    into
        review
        (moddate, regdate, grade, member_mid, movie_mno, text) 
    values
        (?, ?, ?, ?, ?, ?)
Hibernate: 
    insert 
    into
        review
        (moddate, regdate, grade, member_mid, movie_mno, text) 
    values
        (?, ?, ?, ?, ?, ?)
Hibernate: 
    insert 
    into
        review
        (moddate, regdate, grade, member_mid, movie_mno, text) 
    values
        (?, ?, ?, ?, ?, ?)
Hibernate: 
    insert 
    into
        review
        (moddate, regdate, grade, member_mid, movie_mno, text) 
    values
        (?, ?, ?, ?, ?, ?)
Hibernate: 
    insert 
    into
        review
        (moddate, regdate, grade, member_mid, movie_mno, text) 
    values
        (?, ?, ?, ?, ?, ?)
Hibernate: 
    insert 
    into
        review
        (moddate, regdate, grade, member_mid, movie_mno, text) 
    values
        (?, ?, ?, ?, ?, ?)
Hibernate: 
    insert 
    into
        review
        (moddate, regdate, grade, member_mid, movie_mno, text) 
    values
        (?, ?, ?, ?, ?, ?)
Hibernate: 
    insert 
    into
        review
        (moddate, regdate, grade, member_mid, movie_mno, text) 
    values
        (?, ?, ?, ?, ?, ?)
Hibernate: 
    insert 
    into
        review
        (moddate, regdate, grade, member_mid, movie_mno, text) 
    values
        (?, ?, ?, ?, ?, ?)
Hibernate: 
    insert 
    into
        review
        (moddate, regdate, grade, member_mid, movie_mno, text) 
    values
        (?, ?, ?, ?, ?, ?)
Hibernate: 
    insert 
    into
        review
        (moddate, regdate, grade, member_mid, movie_mno, text) 
    values
        (?, ?, ?, ?, ?, ?)
Hibernate: 
    insert 
    into
        review
        (moddate, regdate, grade, member_mid, movie_mno, text) 
    values
        (?, ?, ?, ?, ?, ?)
Hibernate: 
    insert 
    into
        review
        (moddate, regdate, grade, member_mid, movie_mno, text) 
    values
        (?, ?, ?, ?, ?, ?)
Hibernate: 
    insert 
    into
        review
        (moddate, regdate, grade, member_mid, movie_mno, text) 
    values
        (?, ?, ?, ?, ?, ?)
Hibernate: 
    insert 
    into
        review
        (moddate, regdate, grade, member_mid, movie_mno, text) 
    values
        (?, ?, ?, ?, ?, ?)
Hibernate: 
    insert 
    into
        review
        (moddate, regdate, grade, member_mid, movie_mno, text) 
    values
        (?, ?, ?, ?, ?, ?)
Hibernate: 
    insert 
    into
        review
        (moddate, regdate, grade, member_mid, movie_mno, text) 
    values
        (?, ?, ?, ?, ?, ?)
Hibernate: 
    insert 
    into
        review
        (moddate, regdate, grade, member_mid, movie_mno, text) 
    values
        (?, ?, ?, ?, ?, ?)
Hibernate: 
    insert 
    into
        review
        (moddate, regdate, grade, member_mid, movie_mno, text) 
    values
        (?, ?, ?, ?, ?, ?)
Hibernate: 
    insert 
    into
        review
        (moddate, regdate, grade, member_mid, movie_mno, text) 
    values
        (?, ?, ?, ?, ?, ?)
Hibernate: 
    insert 
    into
        review
        (moddate, regdate, grade, member_mid, movie_mno, text) 
    values
        (?, ?, ?, ?, ?, ?)
Hibernate: 
    insert 
    into
        review
        (moddate, regdate, grade, member_mid, movie_mno, text) 
    values
        (?, ?, ?, ?, ?, ?)
Hibernate: 
    insert 
    into
        review
        (moddate, regdate, grade, member_mid, movie_mno, text) 
    values
        (?, ?, ?, ?, ?, ?)
Hibernate: 
    insert 
    into
        review
        (moddate, regdate, grade, member_mid, movie_mno, text) 
    values
        (?, ?, ?, ?, ?, ?)
Hibernate: 
    insert 
    into
        review
        (moddate, regdate, grade, member_mid, movie_mno, text) 
    values
        (?, ?, ?, ?, ?, ?)
Hibernate: 
    insert 
    into
        review
        (moddate, regdate, grade, member_mid, movie_mno, text) 
    values
        (?, ?, ?, ?, ?, ?)
Hibernate: 
    insert 
    into
        review
        (moddate, regdate, grade, member_mid, movie_mno, text) 
    values
        (?, ?, ?, ?, ?, ?)
Hibernate: 
    insert 
    into
        review
        (moddate, regdate, grade, member_mid, movie_mno, text) 
    values
        (?, ?, ?, ?, ?, ?)
Hibernate: 
    insert 
    into
        review
        (moddate, regdate, grade, member_mid, movie_mno, text) 
    values
        (?, ?, ?, ?, ?, ?)
Hibernate: 
    insert 
    into
        review
        (moddate, regdate, grade, member_mid, movie_mno, text) 
    values
        (?, ?, ?, ?, ?, ?)
Hibernate: 
    insert 
    into
        review
        (moddate, regdate, grade, member_mid, movie_mno, text) 
    values
        (?, ?, ?, ?, ?, ?)
Hibernate: 
    insert 
    into
        review
        (moddate, regdate, grade, member_mid, movie_mno, text) 
    values
        (?, ?, ?, ?, ?, ?)
Hibernate: 
    insert 
    into
        review
        (moddate, regdate, grade, member_mid, movie_mno, text) 
    values
        (?, ?, ?, ?, ?, ?)
Hibernate: 
    insert 
    into
        review
        (moddate, regdate, grade, member_mid, movie_mno, text) 
    values
        (?, ?, ?, ?, ?, ?)
Hibernate: 
    insert 
    into
        review
        (moddate, regdate, grade, member_mid, movie_mno, text) 
    values
        (?, ?, ?, ?, ?, ?)
Hibernate: 
    insert 
    into
        review
        (moddate, regdate, grade, member_mid, movie_mno, text) 
    values
        (?, ?, ?, ?, ?, ?)
Hibernate: 
    insert 
    into
        review
        (moddate, regdate, grade, member_mid, movie_mno, text) 
    values
        (?, ?, ?, ?, ?, ?)
Hibernate: 
    insert 
    into
        review
        (moddate, regdate, grade, member_mid, movie_mno, text) 
    values
        (?, ?, ?, ?, ?, ?)
Hibernate: 
    insert 
    into
        review
        (moddate, regdate, grade, member_mid, movie_mno, text) 
    values
        (?, ?, ?, ?, ?, ?)
Hibernate: 
    insert 
    into
        review
        (moddate, regdate, grade, member_mid, movie_mno, text) 
    values
        (?, ?, ?, ?, ?, ?)
Hibernate: 
    insert 
    into
        review
        (moddate, regdate, grade, member_mid, movie_mno, text) 
    values
        (?, ?, ?, ?, ?, ?)
Hibernate: 
    insert 
    into
        review
        (moddate, regdate, grade, member_mid, movie_mno, text) 
    values
        (?, ?, ?, ?, ?, ?)
Hibernate: 
    insert 
    into
        review
        (moddate, regdate, grade, member_mid, movie_mno, text) 
    values
        (?, ?, ?, ?, ?, ?)
Hibernate: 
    insert 
    into
        review
        (moddate, regdate, grade, member_mid, movie_mno, text) 
    values
        (?, ?, ?, ?, ?, ?)
Hibernate: 
    insert 
    into
        review
        (moddate, regdate, grade, member_mid, movie_mno, text) 
    values
        (?, ?, ?, ?, ?, ?)
Hibernate: 
    insert 
    into
        review
        (moddate, regdate, grade, member_mid, movie_mno, text) 
    values
        (?, ?, ?, ?, ?, ?)
Hibernate: 
    insert 
    into
        review
        (moddate, regdate, grade, member_mid, movie_mno, text) 
    values
        (?, ?, ?, ?, ?, ?)
Hibernate: 
    insert 
    into
        review
        (moddate, regdate, grade, member_mid, movie_mno, text) 
    values
        (?, ?, ?, ?, ?, ?)
Hibernate: 
    insert 
    into
        review
        (moddate, regdate, grade, member_mid, movie_mno, text) 
    values
        (?, ?, ?, ?, ?, ?)
Hibernate: 
    insert 
    into
        review
        (moddate, regdate, grade, member_mid, movie_mno, text) 
    values
        (?, ?, ?, ?, ?, ?)
Hibernate: 
    insert 
    into
        review
        (moddate, regdate, grade, member_mid, movie_mno, text) 
    values
        (?, ?, ?, ?, ?, ?)
Hibernate: 
    insert 
    into
        review
        (moddate, regdate, grade, member_mid, movie_mno, text) 
    values
        (?, ?, ?, ?, ?, ?)
Hibernate: 
    insert 
    into
        review
        (moddate, regdate, grade, member_mid, movie_mno, text) 
    values
        (?, ?, ?, ?, ?, ?)
Hibernate: 
    insert 
    into
        review
        (moddate, regdate, grade, member_mid, movie_mno, text) 
    values
        (?, ?, ?, ?, ?, ?)
Hibernate: 
    insert 
    into
        review
        (moddate, regdate, grade, member_mid, movie_mno, text) 
    values
        (?, ?, ?, ?, ?, ?)
Hibernate: 
    insert 
    into
        review
        (moddate, regdate, grade, member_mid, movie_mno, text) 
    values
        (?, ?, ?, ?, ?, ?)
Hibernate: 
    insert 
    into
        review
        (moddate, regdate, grade, member_mid, movie_mno, text) 
    values
        (?, ?, ?, ?, ?, ?)
Hibernate: 
    insert 
    into
        review
        (moddate, regdate, grade, member_mid, movie_mno, text) 
    values
        (?, ?, ?, ?, ?, ?)
Hibernate: 
    insert 
    into
        review
        (moddate, regdate, grade, member_mid, movie_mno, text) 
    values
        (?, ?, ?, ?, ?, ?)
Hibernate: 
    insert 
    into
        review
        (moddate, regdate, grade, member_mid, movie_mno, text) 
    values
        (?, ?, ?, ?, ?, ?)
Hibernate: 
    insert 
    into
        review
        (moddate, regdate, grade, member_mid, movie_mno, text) 
    values
        (?, ?, ?, ?, ?, ?)
Hibernate: 
    insert 
    into
        review
        (moddate, regdate, grade, member_mid, movie_mno, text) 
    values
        (?, ?, ?, ?, ?, ?)
Hibernate: 
    insert 
    into
        review
        (moddate, regdate, grade, member_mid, movie_mno, text) 
    values
        (?, ?, ?, ?, ?, ?)
Hibernate: 
    insert 
    into
        review
        (moddate, regdate, grade, member_mid, movie_mno, text) 
    values
        (?, ?, ?, ?, ?, ?)
Hibernate: 
    insert 
    into
        review
        (moddate, regdate, grade, member_mid, movie_mno, text) 
    values
        (?, ?, ?, ?, ?, ?)
Hibernate: 
    insert 
    into
        review
        (moddate, regdate, grade, member_mid, movie_mno, text) 
    values
        (?, ?, ?, ?, ?, ?)
Hibernate: 
    insert 
    into
        review
        (moddate, regdate, grade, member_mid, movie_mno, text) 
    values
        (?, ?, ?, ?, ?, ?)
Hibernate: 
    insert 
    into
        review
        (moddate, regdate, grade, member_mid, movie_mno, text) 
    values
        (?, ?, ?, ?, ?, ?)
Hibernate: 
    insert 
    into
        review
        (moddate, regdate, grade, member_mid, movie_mno, text) 
    values
        (?, ?, ?, ?, ?, ?)
Hibernate: 
    insert 
    into
        review
        (moddate, regdate, grade, member_mid, movie_mno, text) 
    values
        (?, ?, ?, ?, ?, ?)
Hibernate: 
    insert 
    into
        review
        (moddate, regdate, grade, member_mid, movie_mno, text) 
    values
        (?, ?, ?, ?, ?, ?)
Hibernate: 
    insert 
    into
        review
        (moddate, regdate, grade, member_mid, movie_mno, text) 
    values
        (?, ?, ?, ?, ?, ?)
Hibernate: 
    insert 
    into
        review
        (moddate, regdate, grade, member_mid, movie_mno, text) 
    values
        (?, ?, ?, ?, ?, ?)
Hibernate: 
    insert 
    into
        review
        (moddate, regdate, grade, member_mid, movie_mno, text) 
    values
        (?, ?, ?, ?, ?, ?)
Hibernate: 
    insert 
    into
        review
        (moddate, regdate, grade, member_mid, movie_mno, text) 
    values
        (?, ?, ?, ?, ?, ?)
Hibernate: 
    insert 
    into
        review
        (moddate, regdate, grade, member_mid, movie_mno, text) 
    values
        (?, ?, ?, ?, ?, ?)
Hibernate: 
    insert 
    into
        review
        (moddate, regdate, grade, member_mid, movie_mno, text) 
    values
        (?, ?, ?, ?, ?, ?)
Hibernate: 
    insert 
    into
        review
        (moddate, regdate, grade, member_mid, movie_mno, text) 
    values
        (?, ?, ?, ?, ?, ?)
Hibernate: 
    insert 
    into
        review
        (moddate, regdate, grade, member_mid, movie_mno, text) 
    values
        (?, ?, ?, ?, ?, ?)
Hibernate: 
    insert 
    into
        review
        (moddate, regdate, grade, member_mid, movie_mno, text) 
    values
        (?, ?, ?, ?, ?, ?)
Hibernate: 
    insert 
    into
        review
        (moddate, regdate, grade, member_mid, movie_mno, text) 
    values
        (?, ?, ?, ?, ?, ?)
Hibernate: 
    insert 
    into
        review
        (moddate, regdate, grade, member_mid, movie_mno, text) 
    values
        (?, ?, ?, ?, ?, ?)
Hibernate: 
    insert 
    into
        review
        (moddate, regdate, grade, member_mid, movie_mno, text) 
    values
        (?, ?, ?, ?, ?, ?)
Hibernate: 
    insert 
    into
        review
        (moddate, regdate, grade, member_mid, movie_mno, text) 
    values
        (?, ?, ?, ?, ?, ?)
Hibernate: 
    insert 
    into
        review
        (moddate, regdate, grade, member_mid, movie_mno, text) 
    values
        (?, ?, ?, ?, ?, ?)
Hibernate: 
    insert 
    into
        review
        (moddate, regdate, grade, member_mid, movie_mno, text) 
    values
        (?, ?, ?, ?, ?, ?)
Hibernate: 
    insert 
    into
        review
        (moddate, regdate, grade, member_mid, movie_mno, text) 
    values
        (?, ?, ?, ?, ?, ?)
Hibernate: 
    insert 
    into
        review
        (moddate, regdate, grade, member_mid, movie_mno, text) 
    values
        (?, ?, ?, ?, ?, ?)
Hibernate: 
    insert 
    into
        review
        (moddate, regdate, grade, member_mid, movie_mno, text) 
    values
        (?, ?, ?, ?, ?, ?)
Hibernate: 
    insert 
    into
        review
        (moddate, regdate, grade, member_mid, movie_mno, text) 
    values
        (?, ?, ?, ?, ?, ?)
Hibernate: 
    insert 
    into
        review
        (moddate, regdate, grade, member_mid, movie_mno, text) 
    values
        (?, ?, ?, ?, ?, ?)
Hibernate: 
    insert 
    into
        review
        (moddate, regdate, grade, member_mid, movie_mno, text) 
    values
        (?, ?, ?, ?, ?, ?)
Hibernate: 
    insert 
    into
        review
        (moddate, regdate, grade, member_mid, movie_mno, text) 
    values
        (?, ?, ?, ?, ?, ?)
Hibernate: 
    insert 
    into
        review
        (moddate, regdate, grade, member_mid, movie_mno, text) 
    values
        (?, ?, ?, ?, ?, ?)
Hibernate: 
    insert 
    into
        review
        (moddate, regdate, grade, member_mid, movie_mno, text) 
    values
        (?, ?, ?, ?, ?, ?)
Hibernate: 
    insert 
    into
        review
        (moddate, regdate, grade, member_mid, movie_mno, text) 
    values
        (?, ?, ?, ?, ?, ?)
Hibernate: 
    insert 
    into
        review
        (moddate, regdate, grade, member_mid, movie_mno, text) 
    values
        (?, ?, ?, ?, ?, ?)
Hibernate: 
    insert 
    into
        review
        (moddate, regdate, grade, member_mid, movie_mno, text) 
    values
        (?, ?, ?, ?, ?, ?)
Hibernate: 
    insert 
    into
        review
        (moddate, regdate, grade, member_mid, movie_mno, text) 
    values
        (?, ?, ?, ?, ?, ?)
Hibernate: 
    insert 
    into
        review
        (moddate, regdate, grade, member_mid, movie_mno, text) 
    values
        (?, ?, ?, ?, ?, ?)
Hibernate: 
    insert 
    into
        review
        (moddate, regdate, grade, member_mid, movie_mno, text) 
    values
        (?, ?, ?, ?, ?, ?)
Hibernate: 
    insert 
    into
        review
        (moddate, regdate, grade, member_mid, movie_mno, text) 
    values
        (?, ?, ?, ?, ?, ?)
Hibernate: 
    insert 
    into
        review
        (moddate, regdate, grade, member_mid, movie_mno, text) 
    values
        (?, ?, ?, ?, ?, ?)
Hibernate: 
    insert 
    into
        review
        (moddate, regdate, grade, member_mid, movie_mno, text) 
    values
        (?, ?, ?, ?, ?, ?)
Hibernate: 
    insert 
    into
        review
        (moddate, regdate, grade, member_mid, movie_mno, text) 
    values
        (?, ?, ?, ?, ?, ?)
Hibernate: 
    insert 
    into
        review
        (moddate, regdate, grade, member_mid, movie_mno, text) 
    values
        (?, ?, ?, ?, ?, ?)
Hibernate: 
    insert 
    into
        review
        (moddate, regdate, grade, member_mid, movie_mno, text) 
    values
        (?, ?, ?, ?, ?, ?)
Hibernate: 
    insert 
    into
        review
        (moddate, regdate, grade, member_mid, movie_mno, text) 
    values
        (?, ?, ?, ?, ?, ?)
Hibernate: 
    insert 
    into
        review
        (moddate, regdate, grade, member_mid, movie_mno, text) 
    values
        (?, ?, ?, ?, ?, ?)
Hibernate: 
    insert 
    into
        review
        (moddate, regdate, grade, member_mid, movie_mno, text) 
    values
        (?, ?, ?, ?, ?, ?)
Hibernate: 
    insert 
    into
        review
        (moddate, regdate, grade, member_mid, movie_mno, text) 
    values
        (?, ?, ?, ?, ?, ?)
Hibernate: 
    insert 
    into
        review
        (moddate, regdate, grade, member_mid, movie_mno, text) 
    values
        (?, ?, ?, ?, ?, ?)
Hibernate: 
    insert 
    into
        review
        (moddate, regdate, grade, member_mid, movie_mno, text) 
    values
        (?, ?, ?, ?, ?, ?)
Hibernate: 
    insert 
    into
        review
        (moddate, regdate, grade, member_mid, movie_mno, text) 
    values
        (?, ?, ?, ?, ?, ?)
Hibernate: 
    insert 
    into
        review
        (moddate, regdate, grade, member_mid, movie_mno, text) 
    values
        (?, ?, ?, ?, ?, ?)
Hibernate: 
    insert 
    into
        review
        (moddate, regdate, grade, member_mid, movie_mno, text) 
    values
        (?, ?, ?, ?, ?, ?)
Hibernate: 
    insert 
    into
        review
        (moddate, regdate, grade, member_mid, movie_mno, text) 
    values
        (?, ?, ?, ?, ?, ?)
Hibernate: 
    insert 
    into
        review
        (moddate, regdate, grade, member_mid, movie_mno, text) 
    values
        (?, ?, ?, ?, ?, ?)
Hibernate: 
    insert 
    into
        review
        (moddate, regdate, grade, member_mid, movie_mno, text) 
    values
        (?, ?, ?, ?, ?, ?)
Hibernate: 
    insert 
    into
        review
        (moddate, regdate, grade, member_mid, movie_mno, text) 
    values
        (?, ?, ?, ?, ?, ?)
Hibernate: 
    insert 
    into
        review
        (moddate, regdate, grade, member_mid, movie_mno, text) 
    values
        (?, ?, ?, ?, ?, ?)
Hibernate: 
    insert 
    into
        review
        (moddate, regdate, grade, member_mid, movie_mno, text) 
    values
        (?, ?, ?, ?, ?, ?)
Hibernate: 
    insert 
    into
        review
        (moddate, regdate, grade, member_mid, movie_mno, text) 
    values
        (?, ?, ?, ?, ?, ?)
Hibernate: 
    insert 
    into
        review
        (moddate, regdate, grade, member_mid, movie_mno, text) 
    values
        (?, ?, ?, ?, ?, ?)
Hibernate: 
    insert 
    into
        review
        (moddate, regdate, grade, member_mid, movie_mno, text) 
    values
        (?, ?, ?, ?, ?, ?)
Hibernate: 
    insert 
    into
        review
        (moddate, regdate, grade, member_mid, movie_mno, text) 
    values
        (?, ?, ?, ?, ?, ?)
Hibernate: 
    insert 
    into
        review
        (moddate, regdate, grade, member_mid, movie_mno, text) 
    values
        (?, ?, ?, ?, ?, ?)
Hibernate: 
    insert 
    into
        review
        (moddate, regdate, grade, member_mid, movie_mno, text) 
    values
        (?, ?, ?, ?, ?, ?)
Hibernate: 
    insert 
    into
        review
        (moddate, regdate, grade, member_mid, movie_mno, text) 
    values
        (?, ?, ?, ?, ?, ?)
Hibernate: 
    insert 
    into
        review
        (moddate, regdate, grade, member_mid, movie_mno, text) 
    values
        (?, ?, ?, ?, ?, ?)
Hibernate: 
    insert 
    into
        review
        (moddate, regdate, grade, member_mid, movie_mno, text) 
    values
        (?, ?, ?, ?, ?, ?)
Hibernate: 
    insert 
    into
        review
        (moddate, regdate, grade, member_mid, movie_mno, text) 
    values
        (?, ?, ?, ?, ?, ?)
Hibernate: 
    insert 
    into
        review
        (moddate, regdate, grade, member_mid, movie_mno, text) 
    values
        (?, ?, ?, ?, ?, ?)
Hibernate: 
    insert 
    into
        review
        (moddate, regdate, grade, member_mid, movie_mno, text) 
    values
        (?, ?, ?, ?, ?, ?)
Hibernate: 
    insert 
    into
        review
        (moddate, regdate, grade, member_mid, movie_mno, text) 
    values
        (?, ?, ?, ?, ?, ?)
Hibernate: 
    insert 
    into
        review
        (moddate, regdate, grade, member_mid, movie_mno, text) 
    values
        (?, ?, ?, ?, ?, ?)
Hibernate: 
    insert 
    into
        review
        (moddate, regdate, grade, member_mid, movie_mno, text) 
    values
        (?, ?, ?, ?, ?, ?)
Hibernate: 
    insert 
    into
        review
        (moddate, regdate, grade, member_mid, movie_mno, text) 
    values
        (?, ?, ?, ?, ?, ?)
]]></system-out>
  <system-err><![CDATA[]]></system-err>
</testsuite>
